<?xml version="1.0" encoding="UTF-8"?>
<!-- Generated by org.testng.reporters.JUnitReportReporter -->
<testsuite skipped="0" hostname="DESKTOP-N308L1J" name="test.AddCustomerTest" tests="1" failures="0" timestamp="13 Feb 2022 18:53:27 GMT" time="26.567" errors="0">
  <testcase name="validUserShouldBeAbleToCreateCustomer" time="26.567" classname="test.AddCustomerTest"/>
</testsuite> <!-- test.AddCustomerTest -->
